{"level":"info","requestBody":{"email":"amit200698@gmail.com","password":"123456"},"requestURL":"/course/login","timestamp":"Sat Apr 06 2024 22:42:37 GMT+0530 (India Standard Time)"}
{"level":"info","requestBody":{"category":"Doctype","description":"This course made you expret in the HTML","level":"Beginne","popularity":"3.8","tittle":"HTML Basic"},"requestURL":"/course/create","timestamp":"Sat Apr 06 2024 22:46:34 GMT+0530 (India Standard Time)"}
{"level":"info","requestBody":{"category":"Doctype","description":"This course made you expret in the HTML","level":"Beginner","popularity":"3.8","tittle":"HTML Basic"},"requestURL":"/course/create","timestamp":"Sat Apr 06 2024 22:47:52 GMT+0530 (India Standard Time)"}
{"level":"info","requestBody":{"category":"Doctype","description":"This course made you expret in the HTML","level":"Beginner","popularity":"3.8","tittle":"HTML Basic"},"requestURL":"/course/create","timestamp":"Sat Apr 06 2024 22:48:01 GMT+0530 (India Standard Time)"}
{"level":"info","requestBody":{"category":"Doctype","description":"This course made you expret in the HTML","level":"Beginner","popularity":"3.8","tittle":"HTML Basic"},"requestURL":"/course/create","timestamp":"Sat Apr 06 2024 22:48:39 GMT+0530 (India Standard Time)"}
{"level":"info","requestBody":{"category":"Doctype","description":"This course made you expret in the HTML","level":"Beginner","popularity":"3.8","tittle":"HTML Basic"},"requestURL":"/course/create","timestamp":"Sat Apr 06 2024 22:49:51 GMT+0530 (India Standard Time)"}
{"level":"info","requestBody":{"category":"Doctype","description":"This course made you expret in the HTML","level":"Beginner","popularity":"3.8","tittle":"HTML Basic"},"requestURL":"/course/create","timestamp":"Sat Apr 06 2024 22:53:42 GMT+0530 (India Standard Time)"}
{"level":"info","requestBody":{"category":"Doctype","description":"This course made you expret in the HTML","level":"Beginner","popularity":"3.8","title":"HTML Basic"},"requestURL":"/course/create","timestamp":"Sat Apr 06 2024 22:54:53 GMT+0530 (India Standard Time)"}
{"level":"info","requestBody":{"category":"Doctype","description":"This course made you expret in the HTML","level":"Beginner","popularity":"3.8","title":"HTML Basic"},"requestURL":"/course/create","timestamp":"Sat Apr 06 2024 22:55:51 GMT+0530 (India Standard Time)"}
{"error message":"400","level":"error","request URL":"/course/create","timestamp":"Sat Apr 06 2024 22:55:55 GMT+0530 (India Standard Time)"}
{"level":"info","requestBody":{"category":"Style","description":"This course made you expret in the CSS","level":"Advanced","popularity":"4.0","title":"CSS Basic"},"requestURL":"/course/create","timestamp":"Sat Apr 06 2024 22:58:11 GMT+0530 (India Standard Time)"}
{"level":"info","requestBody":{"category":"Style","description":"This course made you expret in the CSS","level":"Advanced","popularity":"4.0","title":"CSS Basic"},"requestURL":"/course/create","timestamp":"Sat Apr 06 2024 22:59:27 GMT+0530 (India Standard Time)"}
{"level":"info","requestBody":{"category":"Style","description":"This course made you expret in the CSS","level":"Advanced","popularity":"4.0","title":"CSS Basic"},"requestURL":"/course/create","timestamp":"Sat Apr 06 2024 23:00:30 GMT+0530 (India Standard Time)"}
{"level":"info","requestBody":{"category":"Technolog","description":"This course made you expret in the PHP","level":"Intermediate","popularity":"4.2","title":"PHP"},"requestURL":"/course/create","timestamp":"Sat Apr 06 2024 23:01:49 GMT+0530 (India Standard Time)"}
{"level":"info","requestBody":{"category":"Technolog","description":"This course made you expret in the PHP","level":"Intermediate","popularity":"4.2","title":"PHP"},"requestURL":"/course/create","timestamp":"Sat Apr 06 2024 23:03:24 GMT+0530 (India Standard Time)"}
{"error message":"403","level":"error","request URL":"/user/create","timestamp":"Sun Apr 07 2024 14:14:29 GMT+0530 (India Standard Time)"}
{"error message":"403","level":"error","request URL":"/user/create","timestamp":"Sun Apr 07 2024 14:18:55 GMT+0530 (India Standard Time)"}
{"error message":"403","level":"error","request URL":"/user/create","timestamp":"Sun Apr 07 2024 14:27:58 GMT+0530 (India Standard Time)"}
{"error message":"password length must be 6 charcter!!","level":"error","request URL":"/user/create","timestamp":"Sun Apr 07 2024 14:32:12 GMT+0530 (India Standard Time)"}
{"level":"info","requestBody":{"email":"amit917480@gmail.com"},"requestURL":"/token/create/4","timestamp":"Sun Apr 07 2024 15:40:23 GMT+0530 (India Standard Time)"}
{"level":"info","requestBody":{"category":"Technolog","description":"This course made you expret in the PHP","level":"Intermediate","popularity":"4.2","title":"PHP"},"requestURL":"/token/set-password?token=67f7e8a215fb42ea66bb1025992ad52f6b493c86&cpassword=amit2006&password=anit200","timestamp":"Sun Apr 07 2024 15:42:56 GMT+0530 (India Standard Time)"}
{"level":"info","requestBody":{"category":"Technolog","description":"This course made you expret in the PHP","level":"Intermediate","popularity":"4.2","title":"PHP"},"requestURL":"/token/set-password?token=67f7e8a215fb42ea66bb1025992ad52f6b493c86&cpassword=amit2006&password=anit200","timestamp":"Sun Apr 07 2024 15:43:01 GMT+0530 (India Standard Time)"}
{"level":"info","requestBody":{"category":"Technolog","description":"This course made you expret in the PHP","level":"Intermediate","popularity":"4.2","title":"PHP"},"requestURL":"/token/set-password","timestamp":"Sun Apr 07 2024 15:43:18 GMT+0530 (India Standard Time)"}
{"level":"info","requestBody":{"cpassword":"amit2006","password":"amit200","token":"67f7e8a215fb42ea66bb1025992ad52f6b493c86"},"requestURL":"/token/set-password","timestamp":"Sun Apr 07 2024 15:45:34 GMT+0530 (India Standard Time)"}
{"error message":"Password does not matched!!","level":"error","request URL":"/token/set-password","timestamp":"Sun Apr 07 2024 15:45:38 GMT+0530 (India Standard Time)"}
{"level":"info","requestBody":{"cpassword":"amit2006","password":"amit2006","token":"67f7e8a215fb42ea66bb1025992ad52f6b493c86"},"requestURL":"/token/set-password","timestamp":"Sun Apr 07 2024 15:45:58 GMT+0530 (India Standard Time)"}
{"level":"info","requestBody":{"cpassword":"amit2006","password":"amit2006","token":"67f7e8a215fb42ea66bb1025992ad52f6b493c86"},"requestURL":"/token/set-password","timestamp":"Sun Apr 07 2024 15:46:08 GMT+0530 (India Standard Time)"}
{"error message":"Token has been expired!!","level":"error","request URL":"/token/set-password","timestamp":"Sun Apr 07 2024 15:46:08 GMT+0530 (India Standard Time)"}
{"error message":"Invalid email or password!!","level":"error","request URL":"/user/login","timestamp":"Sun Apr 07 2024 15:53:08 GMT+0530 (India Standard Time)"}
{"level":"info","requestBody":{"query":"what is the HTML?"},"requestURL":"/enroll/chat","timestamp":"Sun Apr 07 2024 17:03:46 GMT+0530 (India Standard Time)"}
{"level":"info","requestBody":{"query":"what is the HTML?"},"requestURL":"/enroll/chat","timestamp":"Sun Apr 07 2024 17:04:11 GMT+0530 (India Standard Time)"}
{"level":"info","requestBody":{"query":"what is the HTML?"},"requestURL":"/chat","timestamp":"Sun Apr 07 2024 17:05:03 GMT+0530 (India Standard Time)"}
{"level":"info","requestBody":{"query":"what is the HTML?"},"requestURL":"/chat","timestamp":"Sun Apr 07 2024 17:05:41 GMT+0530 (India Standard Time)"}
{"level":"info","requestBody":{"query":"what is the HTML?"},"requestURL":"/chat","timestamp":"Sun Apr 07 2024 17:07:37 GMT+0530 (India Standard Time)"}
{"level":"info","requestBody":{"query":"what is the HTML?"},"requestURL":"/chat","timestamp":"Sun Apr 07 2024 17:08:59 GMT+0530 (India Standard Time)"}
{"level":"info","requestBody":{"query":"what is the HTML?"},"requestURL":"/chat","timestamp":"Sun Apr 07 2024 17:11:29 GMT+0530 (India Standard Time)"}
{"level":"info","requestBody":{"query":"what is the HTML?"},"requestURL":"/chat","timestamp":"Sun Apr 07 2024 17:15:40 GMT+0530 (India Standard Time)"}
{"level":"info","requestBody":{"query":"what is the HTML?"},"requestURL":"/chat","timestamp":"Sun Apr 07 2024 17:20:36 GMT+0530 (India Standard Time)"}
{"level":"info","requestBody":{"query":"what is the HTML?"},"requestURL":"/chat","timestamp":"Sun Apr 07 2024 17:26:44 GMT+0530 (India Standard Time)"}
{"level":"info","requestBody":{"query":"what is the HTML?"},"requestURL":"/chat","timestamp":"Sun Apr 07 2024 18:07:42 GMT+0530 (India Standard Time)"}
{"level":"info","requestBody":{"query":"what is the HTML?"},"requestURL":"/chat","timestamp":"Sun Apr 07 2024 18:08:22 GMT+0530 (India Standard Time)"}
{"level":"info","requestBody":{"query":"what is the HTML?"},"requestURL":"/chat","timestamp":"Sun Apr 07 2024 18:09:00 GMT+0530 (India Standard Time)"}
{"level":"info","requestBody":{"query":"what is the HTML?"},"requestURL":"/chat","timestamp":"Sun Apr 07 2024 18:14:01 GMT+0530 (India Standard Time)"}
{"level":"info","requestBody":{"query":"what is the HTML?"},"requestURL":"/chat","timestamp":"Sun Apr 07 2024 19:41:27 GMT+0530 (India Standard Time)"}
{"level":"info","requestBody":{"query":"what is the AI?"},"requestURL":"/chat","timestamp":"Sun Apr 07 2024 19:42:42 GMT+0530 (India Standard Time)"}
{"level":"info","requestBody":{"query":""},"requestURL":"/chat","timestamp":"Sun Apr 07 2024 19:45:21 GMT+0530 (India Standard Time)"}
{"error message":"Kindly write your question!!","level":"error","request URL":"/chat","timestamp":"Sun Apr 07 2024 19:45:21 GMT+0530 (India Standard Time)"}
{"level":"info","requestBody":{"query":"what is the HTML?"},"requestURL":"/ask/user-chat","timestamp":"Mon Apr 08 2024 00:02:07 GMT+0530 (India Standard Time)"}
